  EspReader.cpp
C:\Users\52508\source\repos\EspReader\EspReader\EspReader.cpp(92,35): warning C4267: 'argument': conversion from 'size_t' to 'mz_ulong', possible loss of data
C:\Users\52508\source\repos\EspReader\EspReader\EspReader.cpp(94,49): warning C4267: 'argument': conversion from 'size_t' to 'mz_ulong', possible loss of data
C:\Users\52508\source\repos\EspReader\EspReader\EspReader.cpp(530,5): warning C4273: 'C_ReadEsp': inconsistent dll linkage
      C:\Users\52508\source\repos\EspReader\EspReader\EspReader.cpp(32,17):
      see previous definition of 'C_ReadEsp'
  
C:\Users\52508\source\repos\EspReader\EspReader\EspReader.cpp(536,6): warning C4273: 'C_InitDefaultFilter': inconsistent dll linkage
      C:\Users\52508\source\repos\EspReader\EspReader\EspReader.cpp(28,18):
      see previous definition of 'C_InitDefaultFilter'
  
C:\Users\52508\source\repos\EspReader\EspReader\EspReader.cpp(542,6): warning C4273: 'C_ClearFilter': inconsistent dll linkage
      C:\Users\52508\source\repos\EspReader\EspReader\EspReader.cpp(31,18):
      see previous definition of 'C_ClearFilter'
  
C:\Users\52508\source\repos\EspReader\EspReader\EspReader.cpp(559,5): warning C4273: 'C_SetDefaultFilter': inconsistent dll linkage
      C:\Users\52508\source\repos\EspReader\EspReader\EspReader.cpp(29,17):
      see previous definition of 'C_SetDefaultFilter'
  
C:\Users\52508\source\repos\EspReader\EspReader\EspReader.cpp(618,6): warning C4273: 'C_SetFilter': inconsistent dll linkage
      C:\Users\52508\source\repos\EspReader\EspReader\EspReader.cpp(30,17):
      see previous definition of 'C_SetFilter'
  
C:\Users\52508\source\repos\EspReader\EspReader\EspReader.cpp(648,15): warning C4267: 'initializing': conversion from 'size_t' to 'int', possible loss of data
C:\Users\52508\source\repos\EspReader\EspReader\EspReader.cpp(671,6): warning C4273: 'C_Init': inconsistent dll linkage
      C:\Users\52508\source\repos\EspReader\EspReader\EspReader.cpp(27,18):
      see previous definition of 'C_Init'
  
C:\Users\52508\source\repos\EspReader\EspReader\EspReader.cpp(676,6): warning C4273: 'C_Close': inconsistent dll linkage
      C:\Users\52508\source\repos\EspReader\EspReader\EspReader.cpp(33,18):
      see previous definition of 'C_Close'
  
  StringsFileHelper.h
  TextHelper.cpp
  Generating Code...
  miniz.c
     Creating library C:\Users\52508\source\repos\EspReader\x64\Debug\EspReader.lib and object C:\Users\52508\source\repos\EspReader\x64\Debug\EspReader.exp
  EspReader.vcxproj -> C:\Users\52508\source\repos\EspReader\x64\Debug\EspReader.exe
